This is TeX, Version 3.14159 (C version 6.1) (format=tex 97.11.15)  2 APR 1998 19:41
**texinfo.tex
(texinfo.tex
Babel <v3.6h> and hyphenation patterns for american, german, loaded.
Loading texinfo package [Version 1.1.1.1]: Basics,
\bindingoffset=\dimen16
\normaloffset=\dimen17
\pagewidth=\dimen18
\pageheight=\dimen19
\cornerlong=\dimen20
\cornerthick=\dimen21
\topandbottommargin=\dimen22
\outerhsize=\dimen23
\outervsize=\dimen24
\headlinebox=\box16
\footlinebox=\box17
\margin=\insert252
\EMsimple=\toks12
\singlespaceskip=\skip18
\groupinvalidhelp=\toks13
\mil=\dimen25
\exdentamount=\skip19
\inmarginspacing=\skip20
 fonts,
\sffam=\fam8
\mainmagstep=\count26
\fontdepth=\count27
 page headings,
\titlepagetopglue=\skip21
\titlepagebottomglue=\skip22
\evenheadline=\toks14
\oddheadline=\toks15
\evenfootline=\toks16
\oddfootline=\toks17

tables,
\tableindent=\dimen26
\itemindent=\dimen27
\itemmargin=\dimen28
\itemmax=\dimen29
\itemno=\count28
\multitableparskip=\skip23
\multitableparindent=\skip24
\multitablecolspace=\dimen30
\multitablelinespace=\skip25
\colcount=\count29
 indexing,
\initialskipamount=\skip26
\secondaryindent=\skip27
\partialpage=\box18
\doublecolumnhsize=\dimen31
 sectioning,
\chapno=\count30
\secno=\count31
\subsecno=\count32
\subsubsecno=\count33
\appendixno=\count34
\contentsfile=\write0
\absseclevel=\count35
\secbase=\count36
\chapheadingskip=\skip28
\secheadingskip=\skip29
\subsecheadingskip=\skip30
 toc printing,
\contentsrightmargin=\skip31
\shortappendixwidth=\dimen32
\tocindent=\dimen33
 environments,
\dblarrowbox=\box19
\longdblarrowbox=\box20
\pushcharbox=\box21
\bullbox=\box22
\equivbox=\box23
\errorbox=\box24
\lispnarrowing=\skip32
\envskipamount=\skip33
\circthick=\dimen34
\cartouter=\dimen35
\cartinner=\dimen36
\normbskip=\skip34
\normpskip=\skip35
\normlskip=\skip36
\lskip=\skip37
\rskip=\skip38
 defuns,
\defbodyindent=\skip39
\defargsindent=\skip40
\deftypemargin=\skip41
\deflastargmargin=\skip42
\parencount=\count37

cross reference,
\auxfile=\write1
\footnoteno=\count38
 (/usr/lib/teTeX/texmf/tex/generic/dvips/epsf.tex
\epsffilein=\read0
\epsfxsize=\dimen37
\epsfysize=\dimen38
\epsftsize=\dimen39
\epsfrsize=\dimen40
\epsftmp=\dimen41
\pspoints=\dimen42
)
\noepsfhelp=\toks18

and turning on texinfo input format.
\defaultparindent=\dimen43
)
*
! Emergency stop.
<*> texinfo.tex
               
End of file on the terminal!

No pages of output.
